{"contracts/BasicNFT.sol":{"l":{"10":1},"path":"/Users/narasimhatejareddy/Desktop/Crypto/v4.0/contracts/BasicNFT.sol","s":{"1":1},"b":{},"f":{"1":3,"2":1},"fnMap":{"1":{"name":"constructor","line":8,"loc":{"start":{"line":8,"column":4},"end":{"line":8,"column":42}}},"2":{"name":"mint","line":9,"loc":{"start":{"line":9,"column":4},"end":{"line":11,"column":4}}}},"statementMap":{"1":{"start":{"line":10,"column":8},"end":{"line":10,"column":25}}},"branchMap":{}},"contracts/ERC20Contract.sol":{"l":{"10":1},"path":"/Users/narasimhatejareddy/Desktop/Crypto/v4.0/contracts/ERC20Contract.sol","s":{"1":1},"b":{},"f":{"1":3,"2":1},"fnMap":{"1":{"name":"constructor","line":8,"loc":{"start":{"line":8,"column":4},"end":{"line":8,"column":43}}},"2":{"name":"mint","line":9,"loc":{"start":{"line":9,"column":4},"end":{"line":11,"column":4}}}},"statementMap":{"1":{"start":{"line":10,"column":8},"end":{"line":10,"column":24}}},"branchMap":{}},"contracts/NFTDutchAuction_ERC20Bids_v2.sol":{"l":{"19":2,"24":0},"path":"/Users/narasimhatejareddy/Desktop/Crypto/v4.0/contracts/NFTDutchAuction_ERC20Bids_v2.sol","s":{"1":2,"2":0},"b":{"1":[0,1]},"f":{"1":2,"2":0},"fnMap":{"1":{"name":"isVer2","line":18,"loc":{"start":{"line":18,"column":4},"end":{"line":20,"column":4}}},"2":{"name":"isOwner","line":23,"loc":{"start":{"line":23,"column":4},"end":{"line":25,"column":4}}}},"statementMap":{"1":{"start":{"line":19,"column":8},"end":{"line":19,"column":16}},"2":{"start":{"line":24,"column":8},"end":{"line":24,"column":19}}},"branchMap":{"1":{"line":23,"type":"if","locations":[{"start":{"line":23,"column":35},"end":{"line":23,"column":35}},{"start":{"line":23,"column":35},"end":{"line":23,"column":35}}]}}},"contracts/NFTDutchAuction_ERC20Bids.sol":{"l":{"28":3,"29":3,"30":3,"31":3,"32":3,"33":3,"34":3,"35":3,"36":3,"37":3,"44":4,"45":3,"55":0,"56":0,"61":2,"62":2,"63":2,"64":2,"65":2,"66":2},"path":"/Users/narasimhatejareddy/Desktop/Crypto/v4.0/contracts/NFTDutchAuction_ERC20Bids.sol","s":{"1":4,"2":0,"3":0,"4":2,"5":2,"6":2,"7":2,"8":2},"b":{"1":[3,0],"2":[3,1],"3":[3,0],"4":[0,0],"5":[2,0],"6":[2,0]},"f":{"1":3,"2":4,"3":3,"4":0,"5":2},"fnMap":{"1":{"name":"initialize","line":27,"loc":{"start":{"line":27,"column":4},"end":{"line":38,"column":4}}},"2":{"name":"onlyOwner","line":43,"loc":{"start":{"line":43,"column":4},"end":{"line":46,"column":4}}},"3":{"name":"_authorizeUpgrade","line":51,"loc":{"start":{"line":51,"column":4},"end":{"line":51,"column":87}}},"4":{"name":"upgrade","line":54,"loc":{"start":{"line":54,"column":4},"end":{"line":57,"column":4}}},"5":{"name":"bid","line":60,"loc":{"start":{"line":60,"column":4},"end":{"line":67,"column":4}}}},"statementMap":{"1":{"start":{"line":44,"column":8},"end":{"line":44,"column":86}},"2":{"start":{"line":55,"column":8},"end":{"line":55,"column":43}},"3":{"start":{"line":56,"column":8},"end":{"line":56,"column":36}},"4":{"start":{"line":61,"column":8},"end":{"line":61,"column":57}},"5":{"start":{"line":62,"column":8},"end":{"line":62,"column":163}},"6":{"start":{"line":64,"column":8},"end":{"line":64,"column":103}},"7":{"start":{"line":65,"column":8},"end":{"line":65,"column":88}},"8":{"start":{"line":66,"column":8},"end":{"line":66,"column":25}}},"branchMap":{"1":{"line":27,"type":"if","locations":[{"start":{"line":27,"column":191},"end":{"line":27,"column":191}},{"start":{"line":27,"column":191},"end":{"line":27,"column":191}}]},"2":{"line":44,"type":"if","locations":[{"start":{"line":44,"column":8},"end":{"line":44,"column":8}},{"start":{"line":44,"column":8},"end":{"line":44,"column":8}}]},"3":{"line":51,"type":"if","locations":[{"start":{"line":51,"column":76},"end":{"line":51,"column":76}},{"start":{"line":51,"column":76},"end":{"line":51,"column":76}}]},"4":{"line":54,"type":"if","locations":[{"start":{"line":54,"column":55},"end":{"line":54,"column":55}},{"start":{"line":54,"column":55},"end":{"line":54,"column":55}}]},"5":{"line":61,"type":"if","locations":[{"start":{"line":61,"column":8},"end":{"line":61,"column":8}},{"start":{"line":61,"column":8},"end":{"line":61,"column":8}}]},"6":{"line":62,"type":"if","locations":[{"start":{"line":62,"column":8},"end":{"line":62,"column":8}},{"start":{"line":62,"column":8},"end":{"line":62,"column":8}}]}}}}