TN:
SF:/Users/narasimhatejareddy/Desktop/Crypto/v4.0/contracts/BasicNFT.sol
FN:8,constructor
FN:9,mint
FNF:2
FNH:2
FNDA:3,constructor
FNDA:1,mint
DA:10,1
LF:1
LH:1
BRF:0
BRH:0
end_of_record
TN:
SF:/Users/narasimhatejareddy/Desktop/Crypto/v4.0/contracts/ERC20Contract.sol
FN:8,constructor
FN:9,mint
FNF:2
FNH:2
FNDA:3,constructor
FNDA:1,mint
DA:10,1
LF:1
LH:1
BRF:0
BRH:0
end_of_record
TN:
SF:/Users/narasimhatejareddy/Desktop/Crypto/v4.0/contracts/NFTDutchAuction_ERC20Bids_v2.sol
FN:18,isVer2
FN:23,isOwner
FNF:2
FNH:1
FNDA:2,isVer2
FNDA:0,isOwner
DA:19,2
DA:24,0
LF:2
LH:1
BRDA:23,1,0,0
BRDA:23,1,1,1
BRF:2
BRH:1
end_of_record
TN:
SF:/Users/narasimhatejareddy/Desktop/Crypto/v4.0/contracts/NFTDutchAuction_ERC20Bids.sol
FN:27,initialize
FN:43,onlyOwner
FN:51,_authorizeUpgrade
FN:54,upgrade
FN:60,bid
FNF:5
FNH:4
FNDA:3,initialize
FNDA:4,onlyOwner
FNDA:3,_authorizeUpgrade
FNDA:0,upgrade
FNDA:2,bid
DA:28,3
DA:29,3
DA:30,3
DA:31,3
DA:32,3
DA:33,3
DA:34,3
DA:35,3
DA:36,3
DA:37,3
DA:44,4
DA:45,3
DA:55,0
DA:56,0
DA:61,2
DA:62,2
DA:63,2
DA:64,2
DA:65,2
DA:66,2
LF:20
LH:18
BRDA:27,1,0,3
BRDA:27,1,1,0
BRDA:44,2,0,3
BRDA:44,2,1,1
BRDA:51,3,0,3
BRDA:51,3,1,0
BRDA:54,4,0,0
BRDA:54,4,1,0
BRDA:61,5,0,2
BRDA:61,5,1,0
BRDA:62,6,0,2
BRDA:62,6,1,0
BRF:12
BRH:6
end_of_record
